2020-Nov-05 11:24:21.408704 INFO    [simplewallet] forknote wallet v2.1.2.1251 ()
2020-Nov-05 12:13:49.442225 INFO    [simplewallet] forknote wallet v2.1.2.1251 ()
2020-Nov-05 12:13:49.519025 INFO    [simplewallet] Storing wallet...
2020-Nov-05 12:13:53.523042 ERROR   [simplewallet] Error: wallet failed to connect to daemon (http://localhost:27855).
2020-Nov-05 12:13:57.608799 INFO    [simplewallet] Stored ok
2020-Nov-05 12:13:57.612797 INFO    [simplewallet] Opened wallet: inf8ZKpNfjdEdQVEqMefNYZsA2Qza6N9G9WuwLFaQK6476FaWpdzT1WUK6VEBwazaafjwcq6mjeFT7tzL7RjYF4s8Ejsw7QFW4
2020-Nov-05 12:13:57.620800 INFO    [simplewallet] **********************************************************************
Use "help" command to see the list of available commands.
**********************************************************************
2020-Nov-05 12:15:15.577444 INFO    [simplewallet] forknote wallet v2.1.2.1251 ()
2020-Nov-05 12:15:15.583445 INFO    [simplewallet] Loading wallet...
2020-Nov-05 12:15:15.615446 INFO    [simplewallet] Opened wallet: inf8ZKpNfjdEdQVEqMefNYZsA2Qza6N9G9WuwLFaQK6476FaWpdzT1WUK6VEBwazaafjwcq6mjeFT7tzL7RjYF4s8Ejsw7QFW4
2020-Nov-05 12:15:15.623444 INFO    [simplewallet] **********************************************************************
Use "help" command to see the list of available commands.
**********************************************************************
2020-Nov-05 12:15:19.659956 ERROR   [simplewallet] Error: wallet failed to connect to daemon (http://localhost:27855).
2020-Nov-05 13:14:24.282687 INFO    [simplewallet] forknote wallet v2.1.2.1251 ()
2020-Nov-05 13:14:24.288685 ERROR   [simplewallet] Error: failed to load wallet: wallet file 'old_wallet.wallet' is not found
2020-Nov-05 13:14:24.294689 ERROR   [simplewallet] Failed to initialize wallet
2020-Nov-05 13:15:01.656301 INFO    [simplewallet] forknote wallet v2.1.2.1251 ()
2020-Nov-05 13:15:01.733822 INFO    [simplewallet] Storing wallet...
2020-Nov-05 13:15:05.721914 ERROR   [simplewallet] Error: wallet failed to connect to daemon (http://localhost:27855).
2020-Nov-05 13:15:09.816973 INFO    [simplewallet] Stored ok
2020-Nov-05 13:15:09.820971 INFO    [simplewallet] Opened wallet: inf8ZKpNfjdEdQVEqMefNYZsA2Qza6N9G9WuwLFaQK6476FaWpdzT1WUK6VEBwazaafjwcq6mjeFT7tzL7RjYF4s8Ejsw7QFW4
2020-Nov-05 13:15:09.828975 INFO    [simplewallet] **********************************************************************
Use "help" command to see the list of available commands.
**********************************************************************
2020-Nov-05 13:25:07.295341 INFO    [simplewallet] forknote wallet v2.1.2.1251 ()
2020-Nov-05 13:25:07.368340 INFO    [simplewallet] Storing wallet...
2020-Nov-05 13:25:11.361896 ERROR   [simplewallet] Error: wallet failed to connect to daemon (http://localhost:27855).
2020-Nov-05 13:25:15.485047 INFO    [simplewallet] Stored ok
2020-Nov-05 13:25:15.488046 INFO    [simplewallet] Opened wallet: inf8ZKpNfjdEdQVEqMefNYZsA2Qza6N9G9WuwLFaQK6476FaWpdzT1WUK6VEBwazaafjwcq6mjeFT7tzL7RjYF4s8Ejsw7QFW4
2020-Nov-05 13:25:15.497045 INFO    [simplewallet] **********************************************************************
Use "help" command to see the list of available commands.
**********************************************************************
2020-Nov-05 13:26:44.602527 INFO    [simplewallet] forknote wallet v2.1.2.1251 ()
2020-Nov-05 13:26:44.608526 INFO    [simplewallet] Loading wallet...
2020-Nov-05 13:26:44.636531 INFO    [simplewallet] Opened wallet: inf8ZKpNfjdEdQVEqMefNYZsA2Qza6N9G9WuwLFaQK6476FaWpdzT1WUK6VEBwazaafjwcq6mjeFT7tzL7RjYF4s8Ejsw7QFW4
2020-Nov-05 13:26:44.643526 INFO    [simplewallet] **********************************************************************
Use "help" command to see the list of available commands.
**********************************************************************
2020-Nov-05 13:26:48.673418 ERROR   [simplewallet] Error: wallet failed to connect to daemon (http://localhost:27855).
